<?xml version="1.0" encoding="UTF-8"?>
<testng-results ignored="0" total="1" passed="1" failed="0" skipped="0">
  <reporter-output>
    <line>
      <![CDATA[running verify user id]]>
    </line>
    <line>
      <![CDATA[logout the application]]>
    </line>
    <line>
      <![CDATA[close the browser]]>
    </line>
  </reporter-output>
  <suite started-at="2022-09-07T12:53:37 IST" name="Default suite" finished-at="2022-09-07T12:53:50 IST" duration-ms="12776">
    <groups>
    </groups>
    <test started-at="2022-09-07T12:53:37 IST" name="Default test" finished-at="2022-09-07T12:53:50 IST" duration-ms="12776">
      <class name="Pom_With_DDF_Using_Test_NG.Kite_Test">
        <test-method is-config="true" signature="openBrowser()[pri:0, instance:Pom_With_DDF_Using_Test_NG.Kite_Test@485966cc]" started-at="2022-09-07T12:53:37 IST" name="openBrowser" finished-at="2022-09-07T12:53:47 IST" duration-ms="9650" status="PASS">
          <reporter-output>
          </reporter-output>
        </test-method> <!-- openBrowser -->
        <test-method is-config="true" signature="loginToApp()[pri:0, instance:Pom_With_DDF_Using_Test_NG.Kite_Test@485966cc]" started-at="2022-09-07T12:53:47 IST" name="loginToApp" finished-at="2022-09-07T12:53:48 IST" duration-ms="941" status="PASS">
          <reporter-output>
          </reporter-output>
        </test-method> <!-- loginToApp -->
        <test-method signature="verifyUserId()[pri:0, instance:Pom_With_DDF_Using_Test_NG.Kite_Test@485966cc]" started-at="2022-09-07T12:53:48 IST" name="verifyUserId" finished-at="2022-09-07T12:53:50 IST" duration-ms="2088" status="PASS">
          <reporter-output>
            <line>
              <![CDATA[running verify user id]]>
            </line>
          </reporter-output>
        </test-method> <!-- verifyUserId -->
        <test-method is-config="true" signature="logOutApp()[pri:0, instance:Pom_With_DDF_Using_Test_NG.Kite_Test@485966cc]" started-at="2022-09-07T12:53:50 IST" name="logOutApp" finished-at="2022-09-07T12:53:50 IST" duration-ms="1" status="PASS">
          <reporter-output>
            <line>
              <![CDATA[logout the application]]>
            </line>
          </reporter-output>
        </test-method> <!-- logOutApp -->
        <test-method is-config="true" signature="closeTheBrowser()[pri:0, instance:Pom_With_DDF_Using_Test_NG.Kite_Test@485966cc]" started-at="2022-09-07T12:53:50 IST" name="closeTheBrowser" finished-at="2022-09-07T12:53:50 IST" duration-ms="1" status="PASS">
          <reporter-output>
            <line>
              <![CDATA[close the browser]]>
            </line>
          </reporter-output>
        </test-method> <!-- closeTheBrowser -->
      </class> <!-- Pom_With_DDF_Using_Test_NG.Kite_Test -->
    </test> <!-- Default test -->
  </suite> <!-- Default suite -->
</testng-results>
